
Sep 07, 2023 16:03:42.272 NEW SESSION
Sep 07, 2023 16:03:42.272 [15624:18336:0907/160342.270:ERROR:connection_factory_impl.cc(428)] Failed to connect to MCS endpoint with error -106
Sep 07, 2023 16:03:42.817 INFO: Created TensorFlow Lite XNNPACK delegate for CPU.
Sep 07, 2023 16:04:05.881 [15624:18336:0907/160405.881:ERROR:connection_factory_impl.cc(428)] Failed to connect to MCS endpoint with error -106

Sep 08, 2023 15:17:03.62 NEW SESSION
Sep 08, 2023 15:17:03.63 [6252:13468:0908/151703.060:ERROR:connection_factory_impl.cc(428)] Failed to connect to MCS endpoint with error -106
Sep 08, 2023 15:17:04.150 INFO: Created TensorFlow Lite XNNPACK delegate for CPU.
Sep 08, 2023 15:17:47.289 INFO: Created TensorFlow Lite XNNPACK delegate for CPU.
Sep 08, 2023 15:19:14.871 [7204:1492:0908/151914.871:ERROR:connection_factory_impl.cc(428)] Failed to connect to MCS endpoint with error -106
Sep 08, 2023 15:19:43.925 [7204:1492:0908/151943.924:ERROR:connection_factory_impl.cc(428)] Failed to connect to MCS endpoint with error -106
Sep 08, 2023 15:20:24.806 [7204:1492:0908/152024.806:ERROR:connection_factory_impl.cc(428)] Failed to connect to MCS endpoint with error -106
Sep 08, 2023 15:21:52.183 [7204:1492:0908/152152.182:ERROR:connection_factory_impl.cc(428)] Failed to connect to MCS endpoint with error -106
Sep 08, 2023 15:22:04.650 [7204:1492:0908/152204.649:ERROR:connection_factory_impl.cc(428)] Failed to connect to MCS endpoint with error -105
Sep 08, 2023 15:25:51.859 [7204:1492:0908/152551.859:ERROR:connection_factory_impl.cc(428)] Failed to connect to MCS endpoint with error -106
Sep 08, 2023 15:26:02.841 [7204:1492:0908/152602.841:ERROR:connection_factory_impl.cc(428)] Failed to connect to MCS endpoint with error -105
Sep 08, 2023 15:26:42.402 [7204:1492:0908/152642.401:ERROR:connection_factory_impl.cc(428)] Failed to connect to MCS endpoint with error -106
Sep 08, 2023 15:28:30.43 [7204:1492:0908/152830.043:ERROR:connection_factory_impl.cc(428)] Failed to connect to MCS endpoint with error -106
Sep 08, 2023 15:32:25.699 [18240:15716:0908/153225.699:ERROR:connection_factory_impl.cc(428)] Failed to connect to MCS endpoint with error -106
Sep 08, 2023 15:32:25.909 INFO: Created TensorFlow Lite XNNPACK delegate for CPU.
Sep 08, 2023 15:33:32.537 [18240:15716:0908/153332.536:ERROR:connection_factory_impl.cc(428)] Failed to connect to MCS endpoint with error -106
Sep 08, 2023 15:34:01.901 [18240:15716:0908/153401.901:ERROR:connection_factory_impl.cc(428)] Failed to connect to MCS endpoint with error -106
Sep 08, 2023 15:35:46.911 [18240:15716:0908/153546.911:ERROR:connection_factory_impl.cc(428)] Failed to connect to MCS endpoint with error -106
Sep 08, 2023 15:36:50.767 [18240:15716:0908/153650.767:ERROR:connection_factory_impl.cc(471)] ConnectionHandler failed with net error: -2
Sep 08, 2023 17:35:18.409 [18240:15716:0908/173518.408:ERROR:connection_factory_impl.cc(428)] Failed to connect to MCS endpoint with error -106
Sep 08, 2023 17:35:20.633 [18240:15716:0908/173520.632:ERROR:connection_factory_impl.cc(428)] Failed to connect to MCS endpoint with error -106

Sep 11, 2023 15:27:27.754 NEW SESSION
Sep 11, 2023 15:27:27.755 INFO: Created TensorFlow Lite XNNPACK delegate for CPU.
Sep 11, 2023 15:28:53.788 [2204:3912:0911/152853.788:ERROR:connection_factory_impl.cc(471)] ConnectionHandler failed with net error: -2
Sep 11, 2023 15:30:29.683 [2204:3912:0911/153029.682:ERROR:connection_factory_impl.cc(428)] Failed to connect to MCS endpoint with error -105
Sep 11, 2023 15:30:52.484 [2204:3912:0911/153052.484:ERROR:connection_factory_impl.cc(428)] Failed to connect to MCS endpoint with error -105
Sep 11, 2023 15:31:16.747 [2204:3912:0911/153116.747:ERROR:connection_factory_impl.cc(428)] Failed to connect to MCS endpoint with error -106
Sep 11, 2023 15:31:26.446 [2204:3912:0911/153126.445:ERROR:connection_factory_impl.cc(428)] Failed to connect to MCS endpoint with error -105
Sep 11, 2023 15:49:13.618 [16632:7052:0911/154913.617:ERROR:connection_factory_impl.cc(428)] Failed to connect to MCS endpoint with error -106
Sep 11, 2023 15:49:13.875 INFO: Created TensorFlow Lite XNNPACK delegate for CPU.
Sep 11, 2023 15:49:28.154 [16632:7052:0911/154928.154:ERROR:connection_factory_impl.cc(428)] Failed to connect to MCS endpoint with error -105

Sep 12, 2023 15:25:38.669 NEW SESSION
Sep 12, 2023 15:25:38.669 [17320:7740:0912/152538.667:ERROR:connection_factory_impl.cc(428)] Failed to connect to MCS endpoint with error -106
Sep 12, 2023 15:25:38.670 [17320:7740:0912/152538.668:ERROR:registration_request.cc(251)] Registration URL fetching failed.
Sep 12, 2023 15:25:39.313 INFO: Created TensorFlow Lite XNNPACK delegate for CPU.
Sep 12, 2023 15:25:58.961 [17320:7740:0912/152558.960:ERROR:connection_factory_impl.cc(428)] Failed to connect to MCS endpoint with error -106
Sep 12, 2023 15:25:59.588 [17320:7740:0912/152559.587:ERROR:registration_request.cc(251)] Registration URL fetching failed.
Sep 12, 2023 15:26:45.666 [17320:7740:0912/152645.666:ERROR:connection_factory_impl.cc(428)] Failed to connect to MCS endpoint with error -106
Sep 12, 2023 15:26:46.369 [17320:7740:0912/152646.369:ERROR:registration_request.cc(251)] Registration URL fetching failed.
Sep 12, 2023 15:28:22.144 [17320:7740:0912/152822.144:ERROR:registration_request.cc(251)] Registration URL fetching failed.
Sep 12, 2023 15:28:24.359 [17320:7740:0912/152824.358:ERROR:connection_factory_impl.cc(428)] Failed to connect to MCS endpoint with error -106
Sep 12, 2023 15:30:21.370 [17320:7740:0912/153021.369:ERROR:connection_factory_impl.cc(428)] Failed to connect to MCS endpoint with error -105
Sep 12, 2023 15:36:22.961 [17320:7740:0912/153622.961:ERROR:connection_factory_impl.cc(428)] Failed to connect to MCS endpoint with error -106
Sep 12, 2023 15:36:38.516 [17320:7740:0912/153638.516:ERROR:connection_factory_impl.cc(428)] Failed to connect to MCS endpoint with error -105
Sep 12, 2023 16:03:44.473 INFO: Created TensorFlow Lite XNNPACK delegate for CPU.
Sep 12, 2023 16:09:07.462 [4280:4148:0912/160907.462:ERROR:connection_factory_impl.cc(428)] Failed to connect to MCS endpoint with error -105

Sep 13, 2023 16:37:18.31 NEW SESSION
Sep 13, 2023 16:37:18.31 INFO: Created TensorFlow Lite XNNPACK delegate for CPU.
Sep 13, 2023 16:37:18.573 [2684:4580:0913/163718.573:ERROR:entry_impl.cc(996)] Failed to save user data
Sep 13, 2023 16:37:52.111 [2684:9988:0913/163751.907:ERROR:check.cc(298)] Check failed: false. NOTREACHED log messages are omitted in official builds. Sorry!
Sep 13, 2023 16:37:52.112 [2684:9988:0913/163752.111:ERROR:check.cc(298)] Check failed: false. NOTREACHED log messages are omitted in official builds. Sorry!
Sep 13, 2023 16:38:41.30 INFO: Created TensorFlow Lite XNNPACK delegate for CPU.

Sep 15, 2023 15:27:16.631 NEW SESSION
Sep 15, 2023 15:27:16.631 INFO: Created TensorFlow Lite XNNPACK delegate for CPU.
Sep 15, 2023 15:58:18.246 INFO: Created TensorFlow Lite XNNPACK delegate for CPU.

Sep 20, 2023 16:34:40.57 NEW SESSION
Sep 20, 2023 16:34:40.57 INFO: Created TensorFlow Lite XNNPACK delegate for CPU.
Sep 20, 2023 17:01:36.190 INFO: Created TensorFlow Lite XNNPACK delegate for CPU.

Sep 23, 2023 15:49:56.799 NEW SESSION
Sep 23, 2023 15:49:56.799 INFO: Created TensorFlow Lite XNNPACK delegate for CPU.
Sep 23, 2023 16:00:00.197 [18136:260:0923/160000.196:ERROR:leveldb_factory.cc(88)] Failed to open LevelDB database from C:\Users\DELL\AppData\Local\Google\Chrome\User Data\Profile 3\IndexedDB\https_www.youtube.com_0.indexeddb.leveldb,Corruption: partial record without end(1)
Sep 23, 2023 16:00:00.197 [18136:260:0923/160000.196:ERROR:indexed_db_factory.cc(707)] Got corruption for { origin: https://www.youtube.com, top-level site: https://youtube.com, nonce: <null>, ancestor chain bit: Same-Site }, partial record
Sep 23, 2023 16:00:00.231 [18136:260:0923/160000.231:ERROR:indexed_db_factory.cc(845)] IndexedDB recovering from a corrupted (and deleted) database.

Sep 28, 2023 15:00:43.393 NEW SESSION
Sep 28, 2023 15:00:43.393 INFO: Created TensorFlow Lite XNNPACK delegate for CPU.
Sep 28, 2023 15:02:15.483 INFO: Created TensorFlow Lite XNNPACK delegate for CPU.
Sep 28, 2023 15:03:57.475 INFO: Created TensorFlow Lite XNNPACK delegate for CPU.

Oct 05, 2023 15:37:38.375 NEW SESSION
Oct 05, 2023 15:37:38.375 INFO: Created TensorFlow Lite XNNPACK delegate for CPU.
Oct 05, 2023 15:41:20.951 INFO: Created TensorFlow Lite XNNPACK delegate for CPU.
Oct 05, 2023 15:41:42.190 INFO: Created TensorFlow Lite XNNPACK delegate for CPU.
Oct 05, 2023 16:17:46.817 INFO: Created TensorFlow Lite XNNPACK delegate for CPU.
Oct 05, 2023 16:47:24.284 [14552:5524:1005/164724.284:ERROR:simple_index_file.cc(322)] Failed to write the temporary index file

Oct 09, 2023 16:58:20.60 NEW SESSION
Oct 09, 2023 16:58:20.60 INFO: Created TensorFlow Lite XNNPACK delegate for CPU.

Oct 10, 2023 15:26:00.786 NEW SESSION
Oct 10, 2023 15:26:00.786 INFO: Created TensorFlow Lite XNNPACK delegate for CPU.
Oct 10, 2023 15:30:37.467 INFO: Created TensorFlow Lite XNNPACK delegate for CPU.
Oct 10, 2023 15:36:05.415 INFO: Created TensorFlow Lite XNNPACK delegate for CPU.

Oct 10, 2023 16:16:48.491 NEW SESSION
Oct 10, 2023 16:16:48.491 INFO: Created TensorFlow Lite XNNPACK delegate for CPU.
Oct 10, 2023 23:46:10.598 INFO: Created TensorFlow Lite XNNPACK delegate for CPU.
Oct 10, 2023 23:50:32.901 INFO: Created TensorFlow Lite XNNPACK delegate for CPU.
Oct 10, 2023 23:54:24.69 INFO: Created TensorFlow Lite XNNPACK delegate for CPU.
Oct 11, 2023 24:15:24.277 INFO: Created TensorFlow Lite XNNPACK delegate for CPU.

Oct 11, 2023 15:33:29.818 NEW SESSION
Oct 11, 2023 15:33:29.818 INFO: Created TensorFlow Lite XNNPACK delegate for CPU.

Oct 11, 2023 16:35:41.62 NEW SESSION
Oct 11, 2023 16:35:41.62 INFO: Created TensorFlow Lite XNNPACK delegate for CPU.

Oct 12, 2023 15:36:50.311 NEW SESSION
Oct 12, 2023 15:36:50.311 INFO: Created TensorFlow Lite XNNPACK delegate for CPU.

Oct 17, 2023 20:30:33.280 NEW SESSION
Oct 17, 2023 20:30:33.280 INFO: Created TensorFlow Lite XNNPACK delegate for CPU.
Oct 18, 2023 24:53:01.119 [17808:2504:1018/005301.118:ERROR:usb_descriptors.cc(117)] Failed to read configuration descriptor.
Oct 18, 2023 24:53:01.127 [17808:2504:1018/005301.118:ERROR:usb_descriptors.cc(100)] Failed to read all configuration descriptors. Expected 1, got 0.
Oct 18, 2023 24:53:01.127 [17808:2504:1018/005301.126:ERROR:device_event_log_impl.cc(222)] [00:53:01.118] USB: usb_device_win.cc:95 Failed to read descriptors from \\?\usb#vid_0bda&pid_0177#20121112761000000#{a5dcbf10-6530-11d2-901f-00c04fb951ed}.
Oct 18, 2023 16:02:56.566 [17808:2504:1018/160256.566:ERROR:interface_endpoint_client.cc(702)] Message 5 rejected by interface blink.mojom.WidgetHost
Oct 18, 2023 16:03:08.225 [17808:2504:1018/160308.225:ERROR:interface_endpoint_client.cc(702)] Message 5 rejected by interface blink.mojom.WidgetHost

Oct 19, 2023 18:34:38.690 NEW SESSION
Oct 19, 2023 18:34:38.691 INFO: Created TensorFlow Lite XNNPACK delegate for CPU.

Nov 17, 2023 14:54:07.141 NEW SESSION
Nov 17, 2023 14:54:07.141 [14764:17980:1117/145407.139:ERROR:connection_factory_impl.cc(428)] Failed to connect to MCS endpoint with error -106
Nov 17, 2023 14:54:07.613 INFO: Created TensorFlow Lite XNNPACK delegate for CPU.
Nov 17, 2023 14:54:35.932 [14764:17980:1117/145435.931:ERROR:connection_factory_impl.cc(428)] Failed to connect to MCS endpoint with error -106
Nov 17, 2023 14:55:19.578 [14764:17980:1117/145519.578:ERROR:connection_factory_impl.cc(428)] Failed to connect to MCS endpoint with error -106
Nov 17, 2023 14:57:00.473 [14764:17980:1117/145700.473:ERROR:connection_factory_impl.cc(428)] Failed to connect to MCS endpoint with error -106
Nov 17, 2023 14:57:45.343 [14764:17980:1117/145745.342:ERROR:connection_factory_impl.cc(428)] Failed to connect to MCS endpoint with error -105

Nov 24, 2023 17:49:39.590 NEW SESSION
Nov 24, 2023 17:49:39.591 [10104:12672:1124/174939.589:ERROR:connection_factory_impl.cc(428)] Failed to connect to MCS endpoint with error -106
Nov 24, 2023 17:49:40.292 INFO: Created TensorFlow Lite XNNPACK delegate for CPU.
Nov 24, 2023 17:50:09.87 [10104:12548:1124/175009.087:ERROR:account_info_fetcher.cc(62)] OnGetTokenFailure: Connection failed (-106).
Nov 24, 2023 17:50:09.529 [10104:12672:1124/175009.528:ERROR:connection_factory_impl.cc(428)] Failed to connect to MCS endpoint with error -106
Nov 24, 2023 17:51:00.252 [10104:12672:1124/175100.252:ERROR:connection_factory_impl.cc(428)] Failed to connect to MCS endpoint with error -106
Nov 24, 2023 17:52:37.992 [10104:12672:1124/175237.991:ERROR:connection_factory_impl.cc(428)] Failed to connect to MCS endpoint with error -106
Nov 24, 2023 17:55:34.717 [10104:12672:1124/175534.717:ERROR:connection_factory_impl.cc(428)] Failed to connect to MCS endpoint with error -106
Nov 24, 2023 18:02:29.428 [10104:12672:1124/180229.428:ERROR:connection_factory_impl.cc(428)] Failed to connect to MCS endpoint with error -106
Nov 24, 2023 18:07:10.231 [15000:2764:1124/180710.231:ERROR:connection_factory_impl.cc(428)] Failed to connect to MCS endpoint with error -106
Nov 24, 2023 18:07:38.853 [15000:2764:1124/180738.853:ERROR:connection_factory_impl.cc(428)] Failed to connect to MCS endpoint with error -106
Nov 24, 2023 18:08:24.511 [15000:2764:1124/180824.510:ERROR:connection_factory_impl.cc(428)] Failed to connect to MCS endpoint with error -106
Nov 24, 2023 18:10:22.225 [15000:2764:1124/181022.225:ERROR:connection_factory_impl.cc(428)] Failed to connect to MCS endpoint with error -106
Nov 24, 2023 18:13:05.207 [15000:2764:1124/181305.206:ERROR:connection_factory_impl.cc(428)] Failed to connect to MCS endpoint with error -106
Nov 24, 2023 18:19:19.706 [15000:2764:1124/181919.705:ERROR:connection_factory_impl.cc(428)] Failed to connect to MCS endpoint with error -106
Nov 25, 2023 16:47:47.718 [15000:2764:1125/164747.708:ERROR:connection_factory_impl.cc(428)] Failed to connect to MCS endpoint with error -105
Nov 25, 2023 16:47:47.719 [15000:2764:1125/164747.718:ERROR:checkin_request.cc(243)] Check-in request got net error: -106
Nov 25, 2023 16:48:15.49 [15000:2764:1125/164815.048:ERROR:checkin_request.cc(243)] Check-in request got net error: -106
